Using pre-set license
Built from '2020.3/staging' branch; Version is '2020.3.8f1 (507919d4fff5) revision 5273881'; Using compiler version '192528614'; Build Type 'Release'
OS: 'Windows 10 Pro; OS build 19043.1081; Version 2009; 64bit' Language: 'es' Physical Memory: 6028 MB
BatchMode: 1, IsHumanControllingUs: 0, StartBugReporterOnCrash: 0, Is64bit: 1, IsPro: 0

 COMMAND LINE ARGUMENTS:
C:\Program Files\Unity\Hub\Editor\2020.3.8f1\Editor\Unity.exe
-adb2
-batchMode
-noUpm
-name
AssetImportWorker0
-projectPath
C:/Users/neo_s/Desktop/Proyectos/EjemPreguntas
-logFile
Logs/AssetImportWorker0.log
-srvPort
51065
Successfully changed project path to: C:/Users/neo_s/Desktop/Proyectos/EjemPreguntas
C:/Users/neo_s/Desktop/Proyectos/EjemPreguntas
Using Asset Import Pipeline V2.
Refreshing native plugins compatible for Editor in 55.34 ms, found 1 plugins.
Preloading 0 native plugins for Editor in 0.00 ms.
Initialize engine version: 2020.3.8f1 (507919d4fff5)
[Subsystems] Discovering subsystems at path C:/Program Files/Unity/Hub/Editor/2020.3.8f1/Editor/Data/Resources/UnitySubsystems
[Subsystems] Discovering subsystems at path C:/Users/neo_s/Desktop/Proyectos/EjemPreguntas/Assets
GfxDevice: creating device client; threaded=0
Direct3D:
    Version:  Direct3D 11.0 [level 11.0]
    Renderer: Intel(R) HD Graphics (ID=0x152)
    Vendor:   
    VRAM:     128 MB
    Driver:   10.18.10.4252
Initialize mono
Mono path[0] = 'C:/Program Files/Unity/Hub/Editor/2020.3.8f1/Editor/Data/Managed'
Mono path[1] = 'C:/Program Files/Unity/Hub/Editor/2020.3.8f1/Editor/Data/MonoBleedingEdge/lib/mono/unityjit'
Mono config path = 'C:/Program Files/Unity/Hub/Editor/2020.3.8f1/Editor/Data/MonoBleedingEdge/etc'
Using monoOptions --debugger-agent=transport=dt_socket,embedding=1,server=y,suspend=n,address=127.0.0.1:56524
Begin MonoManager ReloadAssembly
Registering precompiled unity dll's ...
Register platform support module: C:/Program Files/Unity/Hub/Editor/2020.3.8f1/Editor/Data/PlaybackEngines/WindowsStandaloneSupport/UnityEditor.WindowsStandalone.Extensions.dll
Registered in 0.003187 seconds.
Native extension for WindowsStandalone target not found
Refreshing native plugins compatible for Editor in 54.15 ms, found 1 plugins.
Preloading 0 native plugins for Editor in 0.00 ms.
Mono: successfully reloaded assembly
- Completed reload, in  1.525 seconds
Platform modules already initialized, skipping
Registering precompiled user dll's ...
Registered in 0.001425 seconds.
Begin MonoManager ReloadAssembly
Native extension for WindowsStandalone target not found
Refreshing native plugins compatible for Editor in 76.94 ms, found 1 plugins.
Preloading 0 native plugins for Editor in 0.00 ms.
Mono: successfully reloaded assembly
- Completed reload, in  1.382 seconds
Platform modules already initialized, skipping
========================================================================
Worker process is ready to serve import requests
Launched and connected shader compiler UnityShaderCompiler.exe after 0.05 seconds
Refreshing native plugins compatible for Editor in 0.67 ms, found 1 plugins.
Preloading 0 native plugins for Editor in 0.00 ms.
Unloading 1808 Unused Serialized files (Serialized files now loaded: 0)
System memory in use before: 84.9 MB.
System memory in use after: 84.9 MB.

Unloading 24 unused Assets to reduce memory usage. Loaded Objects now: 2250.
Total: 2.466300 ms (FindLiveObjects: 0.196000 ms CreateObjectMapping: 0.083900 ms MarkObjects: 2.018000 ms  DeleteObjects: 0.166700 ms)

========================================================================
Received Import Request.
  path: Assets/Scenes
  artifactKey: Guid(b1003b31e8bcfc642aefd336c7bad79f) Importer(815301076,1909f56bfc062723c751e8b465ee728b)
Start importing Assets/Scenes using Guid(b1003b31e8bcfc642aefd336c7bad79f) Importer(815301076,1909f56bfc062723c751e8b465ee728b)  -> (artifact id: '32e79da3127f65d02fef89087a226168') in 0.012215 seconds
  Import took 0.016170 seconds .

========================================================================
Received Import Request.
  Time since last request: 132.630812 seconds.
  path: Assets/Scenes/Scripts
  artifactKey: Guid(115bb3da7aa5472409bb9b4a738ab846) Importer(815301076,1909f56bfc062723c751e8b465ee728b)
Start importing Assets/Scenes/Scripts using Guid(115bb3da7aa5472409bb9b4a738ab846) Importer(815301076,1909f56bfc062723c751e8b465ee728b)  -> (artifact id: '3a01cde5449b785de2e7cf34596362b2') in 0.014675 seconds
  Import took 0.033752 seconds .

========================================================================
Received Import Request.
  Time since last request: 0.003132 seconds.
  path: Assets/Scenes/Scripts
  artifactKey: Guid(115bb3da7aa5472409bb9b4a738ab846) Importer(815301076,1909f56bfc062723c751e8b465ee728b)
Start importing Assets/Scenes/Scripts using Guid(115bb3da7aa5472409bb9b4a738ab846) Importer(815301076,1909f56bfc062723c751e8b465ee728b)  -> (artifact id: '3a01cde5449b785de2e7cf34596362b2') in 0.008823 seconds
  Import took 0.015040 seconds .

========================================================================
Received Import Request.
  Time since last request: 62.592150 seconds.
  path: Assets/Scenes/Scripts/opcion.cs
  artifactKey: Guid(ad884da16274b894cba544cc9f0ee769) Importer(815301076,1909f56bfc062723c751e8b465ee728b)
Start importing Assets/Scenes/Scripts/opcion.cs using Guid(ad884da16274b894cba544cc9f0ee769) Importer(815301076,1909f56bfc062723c751e8b465ee728b)  -> (artifact id: 'c21e96a2483bb8fcfdb800a7f68703bf') in 0.100074 seconds
  Import took 0.104763 seconds .

========================================================================
Received Prepare
Registering precompiled user dll's ...
Registered in 0.001860 seconds.
Begin MonoManager ReloadAssembly
Native extension for WindowsStandalone target not found
Refreshing native plugins compatible for Editor in 0.44 ms, found 1 plugins.
Preloading 0 native plugins for Editor in 0.00 ms.
Mono: successfully reloaded assembly
- Completed reload, in  1.274 seconds
Platform modules already initialized, skipping
Refreshing native plugins compatible for Editor in 0.84 ms, found 1 plugins.
Preloading 0 native plugins for Editor in 0.00 ms.
Unloading 1804 Unused Serialized files (Serialized files now loaded: 0)
System memory in use before: 84.9 MB.
System memory in use after: 84.9 MB.

Unloading 12 unused Assets to reduce memory usage. Loaded Objects now: 2255.
Total: 2.522800 ms (FindLiveObjects: 0.224800 ms CreateObjectMapping: 0.080600 ms MarkObjects: 2.055600 ms  DeleteObjects: 0.159900 ms)

========================================================================
Received Import Request.
  Time since last request: 17.646928 seconds.
  path: Assets/Scenes/Scripts/Preguntas.cs
  artifactKey: Guid(af446a35d9238ee40abb3389f78f1cfe) Importer(815301076,1909f56bfc062723c751e8b465ee728b)
Start importing Assets/Scenes/Scripts/Preguntas.cs using Guid(af446a35d9238ee40abb3389f78f1cfe) Importer(815301076,1909f56bfc062723c751e8b465ee728b)  -> (artifact id: 'c2975357f827c3a3eb700a51f52a6a42') in 0.019068 seconds
  Import took 0.025893 seconds .

========================================================================
Received Prepare
Registering precompiled user dll's ...
Registered in 0.001370 seconds.
Begin MonoManager ReloadAssembly
Native extension for WindowsStandalone target not found
Refreshing native plugins compatible for Editor in 0.45 ms, found 1 plugins.
Preloading 0 native plugins for Editor in 0.00 ms.
Mono: successfully reloaded assembly
- Completed reload, in  1.204 seconds
Platform modules already initialized, skipping
Refreshing native plugins compatible for Editor in 0.69 ms, found 1 plugins.
Preloading 0 native plugins for Editor in 0.00 ms.
Unloading 1805 Unused Serialized files (Serialized files now loaded: 0)
System memory in use before: 85.0 MB.
System memory in use after: 84.9 MB.

Unloading 12 unused Assets to reduce memory usage. Loaded Objects now: 2260.
Total: 2.347600 ms (FindLiveObjects: 0.214900 ms CreateObjectMapping: 0.081700 ms MarkObjects: 1.902700 ms  DeleteObjects: 0.146500 ms)

========================================================================
Received Import Request.
  Time since last request: 22.412204 seconds.
  path: Assets/Scenes/Scripts/Opcion.cs
  artifactKey: Guid(ad884da16274b894cba544cc9f0ee769) Importer(815301076,1909f56bfc062723c751e8b465ee728b)
Start importing Assets/Scenes/Scripts/Opcion.cs using Guid(ad884da16274b894cba544cc9f0ee769) Importer(815301076,1909f56bfc062723c751e8b465ee728b)  -> (artifact id: 'a3979d3a4a612e1c55e5645841ce7040') in 0.022845 seconds
  Import took 0.050407 seconds .

========================================================================
Received Import Request.
  Time since last request: 0.095524 seconds.
  path: Assets/Scenes/Scripts/Opcion.cs
  artifactKey: Guid(ad884da16274b894cba544cc9f0ee769) Importer(815301076,1909f56bfc062723c751e8b465ee728b)
Start importing Assets/Scenes/Scripts/Opcion.cs using Guid(ad884da16274b894cba544cc9f0ee769) Importer(815301076,1909f56bfc062723c751e8b465ee728b)  -> (artifact id: 'a3979d3a4a612e1c55e5645841ce7040') in 0.006514 seconds
  Import took 0.016717 seconds .

========================================================================
Received Prepare
Registering precompiled user dll's ...
Registered in 0.002066 seconds.
Begin MonoManager ReloadAssembly
Native extension for WindowsStandalone target not found
Refreshing native plugins compatible for Editor in 0.46 ms, found 1 plugins.
Preloading 0 native plugins for Editor in 0.00 ms.
Mono: successfully reloaded assembly
- Completed reload, in  1.334 seconds
Platform modules already initialized, skipping
Refreshing native plugins compatible for Editor in 0.68 ms, found 1 plugins.
Preloading 0 native plugins for Editor in 0.00 ms.
Unloading 1805 Unused Serialized files (Serialized files now loaded: 0)
System memory in use before: 85.0 MB.
System memory in use after: 84.9 MB.

Unloading 12 unused Assets to reduce memory usage. Loaded Objects now: 2264.
Total: 2.397400 ms (FindLiveObjects: 0.214600 ms CreateObjectMapping: 0.085900 ms MarkObjects: 1.948100 ms  DeleteObjects: 0.147000 ms)

========================================================================
Received Import Request.
  Time since last request: 1138.877195 seconds.
  path: Assets/Scenes/Scripts/Opcion.cs
  artifactKey: Guid(ad884da16274b894cba544cc9f0ee769) Importer(815301076,1909f56bfc062723c751e8b465ee728b)
Start importing Assets/Scenes/Scripts/Opcion.cs using Guid(ad884da16274b894cba544cc9f0ee769) Importer(815301076,1909f56bfc062723c751e8b465ee728b)  -> (artifact id: '8d5cef07045e4593b5396f2027a5e43c') in 0.032770 seconds
  Import took 0.051365 seconds .

========================================================================
Received Import Request.
  Time since last request: 517.546505 seconds.
  path: Assets/Scenes/Scripts/Preguntas.cs
  artifactKey: Guid(af446a35d9238ee40abb3389f78f1cfe) Importer(815301076,1909f56bfc062723c751e8b465ee728b)
Start importing Assets/Scenes/Scripts/Preguntas.cs using Guid(af446a35d9238ee40abb3389f78f1cfe) Importer(815301076,1909f56bfc062723c751e8b465ee728b)  -> (artifact id: 'de8e9f57f0ce1dea891b44a265d20198') in 0.023220 seconds
  Import took 0.029590 seconds .

========================================================================
Received Import Request.
  Time since last request: 240.428913 seconds.
  path: Assets
  artifactKey: Guid(00000000000000001000000000000000) Importer(815301076,1909f56bfc062723c751e8b465ee728b)
Start importing Assets using Guid(00000000000000001000000000000000) Importer(815301076,1909f56bfc062723c751e8b465ee728b)  -> (artifact id: '42d402b061de3733987d63b9cc3b64de') in 0.028124 seconds
  Import took 0.045942 seconds .

========================================================================
Received Import Request.
  Time since last request: 29.901090 seconds.
  path: Assets/Scenes/SampleScene.unity
  artifactKey: Guid(2cda990e2423bbf4892e6590ba056729) Importer(815301076,1909f56bfc062723c751e8b465ee728b)
Start importing Assets/Scenes/SampleScene.unity using Guid(2cda990e2423bbf4892e6590ba056729) Importer(815301076,1909f56bfc062723c751e8b465ee728b)  -> (artifact id: 'aa27944bdea339c97c39027c7eea529c') in 0.039782 seconds
  Import took 0.057611 seconds .

========================================================================
Received Import Request.
  Time since last request: 648.184652 seconds.
  path: Assets/Scenes/Scripts/Preguntas.cs
  artifactKey: Guid(af446a35d9238ee40abb3389f78f1cfe) Importer(815301076,1909f56bfc062723c751e8b465ee728b)
Start importing Assets/Scenes/Scripts/Preguntas.cs using Guid(af446a35d9238ee40abb3389f78f1cfe) Importer(815301076,1909f56bfc062723c751e8b465ee728b)  -> (artifact id: '9ec00cfd00c812628e99ef82e5a439b7') in 0.023091 seconds
  Import took 0.028573 seconds .

========================================================================
Received Import Request.
  Time since last request: 0.001525 seconds.
  path: Assets/Scenes/Scripts/Preguntas.cs
  artifactKey: Guid(af446a35d9238ee40abb3389f78f1cfe) Importer(815301076,1909f56bfc062723c751e8b465ee728b)
Start importing Assets/Scenes/Scripts/Preguntas.cs using Guid(af446a35d9238ee40abb3389f78f1cfe) Importer(815301076,1909f56bfc062723c751e8b465ee728b)  -> (artifact id: '9ec00cfd00c812628e99ef82e5a439b7') in 0.013102 seconds
  Import took 0.017974 seconds .

========================================================================
Received Import Request.
  Time since last request: 17.846658 seconds.
  path: Assets/Scenes/Scripts/Question.cs
  artifactKey: Guid(af446a35d9238ee40abb3389f78f1cfe) Importer(815301076,1909f56bfc062723c751e8b465ee728b)
Start importing Assets/Scenes/Scripts/Question.cs using Guid(af446a35d9238ee40abb3389f78f1cfe) Importer(815301076,1909f56bfc062723c751e8b465ee728b)  -> (artifact id: 'b956e37a8fb26d61c5719e6739f0d9a0') in 0.027934 seconds
  Import took 0.033932 seconds .

========================================================================
Received Import Request.
  Time since last request: 0.026984 seconds.
  path: Assets/Scenes/Scripts/Opcion.cs
  artifactKey: Guid(ad884da16274b894cba544cc9f0ee769) Importer(815301076,1909f56bfc062723c751e8b465ee728b)
Start importing Assets/Scenes/Scripts/Opcion.cs using Guid(ad884da16274b894cba544cc9f0ee769) Importer(815301076,1909f56bfc062723c751e8b465ee728b)  -> (artifact id: '817ee3b294a11c57eaf46dc79fbaac72') in 0.018297 seconds
  Import took 0.025937 seconds .

========================================================================
Received Import Request.
  Time since last request: 11.870716 seconds.
  path: Assets/Scenes/Scripts/Option.cs
  artifactKey: Guid(ad884da16274b894cba544cc9f0ee769) Importer(815301076,1909f56bfc062723c751e8b465ee728b)
Start importing Assets/Scenes/Scripts/Option.cs using Guid(ad884da16274b894cba544cc9f0ee769) Importer(815301076,1909f56bfc062723c751e8b465ee728b)  -> (artifact id: '42d9d848513de32de02e699a4c50ec67') in 0.042221 seconds
  Import took 0.047794 seconds .

========================================================================
Received Import Request.
  Time since last request: 197.275236 seconds.
  path: Assets/Scenes/Scripts/Question.cs
  artifactKey: Guid(af446a35d9238ee40abb3389f78f1cfe) Importer(815301076,1909f56bfc062723c751e8b465ee728b)
Start importing Assets/Scenes/Scripts/Question.cs using Guid(af446a35d9238ee40abb3389f78f1cfe) Importer(815301076,1909f56bfc062723c751e8b465ee728b)  -> (artifact id: '5b8c74483c1761c5384f58e217791b94') in 0.019569 seconds
  Import took 0.026219 seconds .

========================================================================
Received Prepare
Registering precompiled user dll's ...
Registered in 0.001584 seconds.
Begin MonoManager ReloadAssembly
Native extension for WindowsStandalone target not found
Refreshing native plugins compatible for Editor in 0.51 ms, found 1 plugins.
Preloading 0 native plugins for Editor in 0.00 ms.
Mono: successfully reloaded assembly
- Completed reload, in  1.232 seconds
Platform modules already initialized, skipping
Refreshing native plugins compatible for Editor in 0.69 ms, found 1 plugins.
Preloading 0 native plugins for Editor in 0.00 ms.
Unloading 1803 Unused Serialized files (Serialized files now loaded: 0)
System memory in use before: 84.9 MB.
System memory in use after: 84.9 MB.

Unloading 14 unused Assets to reduce memory usage. Loaded Objects now: 2266.
Total: 2.385600 ms (FindLiveObjects: 0.206700 ms CreateObjectMapping: 0.083000 ms MarkObjects: 1.941400 ms  DeleteObjects: 0.152700 ms)

========================================================================
Received Import Request.
  Time since last request: 496.412954 seconds.
  path: Assets/Scenes/Scripts/Opciones.cs
  artifactKey: Guid(b94ed60cee3bbbd47a2576789de9c8e4) Importer(815301076,1909f56bfc062723c751e8b465ee728b)
Start importing Assets/Scenes/Scripts/Opciones.cs using Guid(b94ed60cee3bbbd47a2576789de9c8e4) Importer(815301076,1909f56bfc062723c751e8b465ee728b)  -> (artifact id: '3f4b39426850194aab1c5f218a817e8f') in 0.052856 seconds
  Import took 0.058403 seconds .

========================================================================
Received Prepare
Registering precompiled user dll's ...
Registered in 0.001362 seconds.
Begin MonoManager ReloadAssembly
Native extension for WindowsStandalone target not found
Refreshing native plugins compatible for Editor in 0.46 ms, found 1 plugins.
Preloading 0 native plugins for Editor in 0.00 ms.
Mono: successfully reloaded assembly
- Completed reload, in  1.259 seconds
Platform modules already initialized, skipping
Refreshing native plugins compatible for Editor in 0.78 ms, found 1 plugins.
Preloading 0 native plugins for Editor in 0.00 ms.
Unloading 1804 Unused Serialized files (Serialized files now loaded: 0)
System memory in use before: 85.0 MB.
System memory in use after: 84.9 MB.

Unloading 12 unused Assets to reduce memory usage. Loaded Objects now: 2271.
Total: 2.399900 ms (FindLiveObjects: 0.197500 ms CreateObjectMapping: 0.084000 ms MarkObjects: 1.970400 ms  DeleteObjects: 0.146200 ms)

========================================================================
Received Import Request.
  Time since last request: 15.858822 seconds.
  path: Assets/Scenes/Scripts/Preguntas.cs
  artifactKey: Guid(6090d5c34c9a9e346acbf9b8f272fcbb) Importer(815301076,1909f56bfc062723c751e8b465ee728b)
Start importing Assets/Scenes/Scripts/Preguntas.cs using Guid(6090d5c34c9a9e346acbf9b8f272fcbb) Importer(815301076,1909f56bfc062723c751e8b465ee728b)  -> (artifact id: 'aef1c0187e6413625427a5dcba02f9b1') in 0.033190 seconds
  Import took 0.045729 seconds .

========================================================================
Received Prepare
Registering precompiled user dll's ...
Registered in 0.002026 seconds.
Begin MonoManager ReloadAssembly
Native extension for WindowsStandalone target not found
Refreshing native plugins compatible for Editor in 0.57 ms, found 1 plugins.
Preloading 0 native plugins for Editor in 0.00 ms.
Mono: successfully reloaded assembly
- Completed reload, in  1.264 seconds
Platform modules already initialized, skipping
Refreshing native plugins compatible for Editor in 0.73 ms, found 1 plugins.
Preloading 0 native plugins for Editor in 0.00 ms.
Unloading 1805 Unused Serialized files (Serialized files now loaded: 0)
System memory in use before: 85.0 MB.
System memory in use after: 85.0 MB.

Unloading 12 unused Assets to reduce memory usage. Loaded Objects now: 2276.
Total: 2.435600 ms (FindLiveObjects: 0.198600 ms CreateObjectMapping: 0.082700 ms MarkObjects: 2.007800 ms  DeleteObjects: 0.144600 ms)

========================================================================
Received Prepare
Registering precompiled user dll's ...
Registered in 0.001311 seconds.
Begin MonoManager ReloadAssembly
Native extension for WindowsStandalone target not found
Refreshing native plugins compatible for Editor in 0.46 ms, found 1 plugins.
Preloading 0 native plugins for Editor in 0.00 ms.
Mono: successfully reloaded assembly
- Completed reload, in  1.237 seconds
Platform modules already initialized, skipping
Refreshing native plugins compatible for Editor in 0.68 ms, found 1 plugins.
Preloading 0 native plugins for Editor in 0.00 ms.
Unloading 1805 Unused Serialized files (Serialized files now loaded: 0)
System memory in use before: 85.0 MB.
System memory in use after: 85.0 MB.

Unloading 12 unused Assets to reduce memory usage. Loaded Objects now: 2280.
Total: 2.437400 ms (FindLiveObjects: 0.210300 ms CreateObjectMapping: 0.081500 ms MarkObjects: 2.001100 ms  DeleteObjects: 0.142600 ms)

========================================================================
Received Import Request.
  Time since last request: 453.087263 seconds.
  path: Assets/Scenes/Scripts/Preguntas.cs
  artifactKey: Guid(6090d5c34c9a9e346acbf9b8f272fcbb) Importer(815301076,1909f56bfc062723c751e8b465ee728b)
Start importing Assets/Scenes/Scripts/Preguntas.cs using Guid(6090d5c34c9a9e346acbf9b8f272fcbb) Importer(815301076,1909f56bfc062723c751e8b465ee728b)  -> (artifact id: '76950864d34d1e8ec1ffc7b703e11f5b') in 0.012826 seconds
  Import took 0.016824 seconds .

========================================================================
Received Import Request.
  Time since last request: 173.604737 seconds.
  path: Assets/BD
  artifactKey: Guid(e47416e85e5a6c54e964cb188722525e) Importer(815301076,1909f56bfc062723c751e8b465ee728b)
Start importing Assets/BD using Guid(e47416e85e5a6c54e964cb188722525e) Importer(815301076,1909f56bfc062723c751e8b465ee728b)  -> (artifact id: 'a08492f1888ff9d9670b39ae32fde554') in 0.022895 seconds
  Import took 0.027800 seconds .

========================================================================
Received Import Request.
  Time since last request: 11.594463 seconds.
  path: Assets/BD/Preguntas
  artifactKey: Guid(4de8f85d87fe11d42b3db4420fcc4d11) Importer(815301076,1909f56bfc062723c751e8b465ee728b)
Start importing Assets/BD/Preguntas using Guid(4de8f85d87fe11d42b3db4420fcc4d11) Importer(815301076,1909f56bfc062723c751e8b465ee728b)  -> (artifact id: 'fe8864164e93393b864c3249e7fe3512') in 0.020678 seconds
  Import took 0.025881 seconds .

========================================================================
Received Import Request.
  Time since last request: 4.836206 seconds.
  path: Assets/BD/Preguntas/Pre1.prefab
  artifactKey: Guid(a499a300408f55744aaa9f5767f775ea) Importer(815301076,1909f56bfc062723c751e8b465ee728b)
Start importing Assets/BD/Preguntas/Pre1.prefab using Guid(a499a300408f55744aaa9f5767f775ea) Importer(815301076,1909f56bfc062723c751e8b465ee728b)  -> (artifact id: '514f51cc3be0936e8a409c48f1eb9415') in 0.066545 seconds
  Import took 0.073032 seconds .

========================================================================
Received Import Request.
  Time since last request: 0.007920 seconds.
  path: Assets/BD/Preguntas/Pre1.prefab
  artifactKey: Guid(a499a300408f55744aaa9f5767f775ea) Importer(815301076,1909f56bfc062723c751e8b465ee728b)
Start importing Assets/BD/Preguntas/Pre1.prefab using Guid(a499a300408f55744aaa9f5767f775ea) Importer(815301076,1909f56bfc062723c751e8b465ee728b)  -> (artifact id: '514f51cc3be0936e8a409c48f1eb9415') in 0.018145 seconds
  Import took 0.024502 seconds .

========================================================================
Received Prepare
Registering precompiled user dll's ...
Registered in 0.001356 seconds.
Begin MonoManager ReloadAssembly
Native extension for WindowsStandalone target not found
Refreshing native plugins compatible for Editor in 0.46 ms, found 1 plugins.
Preloading 0 native plugins for Editor in 0.00 ms.
Mono: successfully reloaded assembly
- Completed reload, in  1.242 seconds
Platform modules already initialized, skipping
Refreshing native plugins compatible for Editor in 0.73 ms, found 1 plugins.
Preloading 0 native plugins for Editor in 0.00 ms.
Unloading 1805 Unused Serialized files (Serialized files now loaded: 0)
System memory in use before: 85.0 MB.
System memory in use after: 85.0 MB.

Unloading 12 unused Assets to reduce memory usage. Loaded Objects now: 2284.
Total: 3.378100 ms (FindLiveObjects: 0.211100 ms CreateObjectMapping: 0.084500 ms MarkObjects: 2.930300 ms  DeleteObjects: 0.150300 ms)

========================================================================
Received Prepare
Registering precompiled user dll's ...
Registered in 0.001300 seconds.
Begin MonoManager ReloadAssembly
Native extension for WindowsStandalone target not found
Refreshing native plugins compatible for Editor in 0.45 ms, found 1 plugins.
Preloading 0 native plugins for Editor in 0.00 ms.
Mono: successfully reloaded assembly
- Completed reload, in  1.275 seconds
Platform modules already initialized, skipping
Refreshing native plugins compatible for Editor in 0.72 ms, found 1 plugins.
Preloading 0 native plugins for Editor in 0.00 ms.
Unloading 1805 Unused Serialized files (Serialized files now loaded: 0)
System memory in use before: 85.0 MB.
System memory in use after: 85.0 MB.

Unloading 12 unused Assets to reduce memory usage. Loaded Objects now: 2288.
Total: 2.734800 ms (FindLiveObjects: 0.271200 ms CreateObjectMapping: 0.173400 ms MarkObjects: 2.145200 ms  DeleteObjects: 0.143200 ms)

========================================================================
Received Prepare
Registering precompiled user dll's ...
Registered in 0.001442 seconds.
Begin MonoManager ReloadAssembly
Native extension for WindowsStandalone target not found
Refreshing native plugins compatible for Editor in 0.45 ms, found 1 plugins.
Preloading 0 native plugins for Editor in 0.00 ms.
Mono: successfully reloaded assembly
- Completed reload, in  1.306 seconds
Platform modules already initialized, skipping
Refreshing native plugins compatible for Editor in 0.74 ms, found 1 plugins.
Preloading 0 native plugins for Editor in 0.00 ms.
Unloading 1805 Unused Serialized files (Serialized files now loaded: 0)
System memory in use before: 85.0 MB.
System memory in use after: 85.0 MB.

Unloading 12 unused Assets to reduce memory usage. Loaded Objects now: 2292.
Total: 2.461900 ms (FindLiveObjects: 0.207300 ms CreateObjectMapping: 0.081900 ms MarkObjects: 2.023000 ms  DeleteObjects: 0.148000 ms)

========================================================================
Received Prepare
Registering precompiled user dll's ...
Registered in 0.001331 seconds.
Begin MonoManager ReloadAssembly
Native extension for WindowsStandalone target not found
Refreshing native plugins compatible for Editor in 0.45 ms, found 1 plugins.
Preloading 0 native plugins for Editor in 0.00 ms.
Mono: successfully reloaded assembly
- Completed reload, in  1.287 seconds
Platform modules already initialized, skipping
Refreshing native plugins compatible for Editor in 0.69 ms, found 1 plugins.
Preloading 0 native plugins for Editor in 0.00 ms.
Unloading 1805 Unused Serialized files (Serialized files now loaded: 0)
System memory in use before: 85.0 MB.
System memory in use after: 85.0 MB.

Unloading 12 unused Assets to reduce memory usage. Loaded Objects now: 2296.
Total: 2.551500 ms (FindLiveObjects: 0.218600 ms CreateObjectMapping: 0.082700 ms MarkObjects: 2.100200 ms  DeleteObjects: 0.148200 ms)

========================================================================
Received Import Request.
  Time since last request: 222.513840 seconds.
  path: Assets/Scripts/PreDB.cs
  artifactKey: Guid(71528886bbc408a4c8efc0e0553bcc23) Importer(815301076,1909f56bfc062723c751e8b465ee728b)
Start importing Assets/Scripts/PreDB.cs using Guid(71528886bbc408a4c8efc0e0553bcc23) Importer(815301076,1909f56bfc062723c751e8b465ee728b)  -> (artifact id: 'd96312ff39d319d7ebd201ec0accf9c6') in 0.048752 seconds
  Import took 0.066535 seconds .

========================================================================
Received Import Request.
  Time since last request: 0.002566 seconds.
  path: Assets/Scripts/PreDB.cs
  artifactKey: Guid(71528886bbc408a4c8efc0e0553bcc23) Importer(815301076,1909f56bfc062723c751e8b465ee728b)
Start importing Assets/Scripts/PreDB.cs using Guid(71528886bbc408a4c8efc0e0553bcc23) Importer(815301076,1909f56bfc062723c751e8b465ee728b)  -> (artifact id: 'd96312ff39d319d7ebd201ec0accf9c6') in 0.025606 seconds
  Import took 0.033101 seconds .

========================================================================
Received Prepare
Registering precompiled user dll's ...
Registered in 0.001468 seconds.
Begin MonoManager ReloadAssembly
Native extension for WindowsStandalone target not found
Refreshing native plugins compatible for Editor in 0.44 ms, found 1 plugins.
Preloading 0 native plugins for Editor in 0.00 ms.
Mono: successfully reloaded assembly
- Completed reload, in  1.411 seconds
Platform modules already initialized, skipping
Refreshing native plugins compatible for Editor in 0.68 ms, found 1 plugins.
Preloading 0 native plugins for Editor in 0.00 ms.
Unloading 1806 Unused Serialized files (Serialized files now loaded: 0)
System memory in use before: 85.1 MB.
System memory in use after: 85.0 MB.

Unloading 12 unused Assets to reduce memory usage. Loaded Objects now: 2301.
Total: 2.409900 ms (FindLiveObjects: 0.207500 ms CreateObjectMapping: 0.081500 ms MarkObjects: 1.968100 ms  DeleteObjects: 0.151300 ms)

========================================================================
Received Prepare
Registering precompiled user dll's ...
Registered in 0.001422 seconds.
Begin MonoManager ReloadAssembly
Native extension for WindowsStandalone target not found
Refreshing native plugins compatible for Editor in 0.45 ms, found 1 plugins.
Preloading 0 native plugins for Editor in 0.00 ms.
Mono: successfully reloaded assembly
- Completed reload, in  1.215 seconds
Platform modules already initialized, skipping
Refreshing native plugins compatible for Editor in 0.73 ms, found 1 plugins.
Preloading 0 native plugins for Editor in 0.00 ms.
Unloading 1805 Unused Serialized files (Serialized files now loaded: 0)
System memory in use before: 85.1 MB.
System memory in use after: 85.0 MB.

Unloading 13 unused Assets to reduce memory usage. Loaded Objects now: 2304.
Total: 3.154000 ms (FindLiveObjects: 0.225300 ms CreateObjectMapping: 0.109200 ms MarkObjects: 2.658800 ms  DeleteObjects: 0.158600 ms)

========================================================================
Received Import Request.
  Time since last request: 668.035196 seconds.
  path: Assets/Scripts/PreBD.cs
  artifactKey: Guid(166790d4810b86140bbc87dd61b12f20) Importer(815301076,1909f56bfc062723c751e8b465ee728b)
Start importing Assets/Scripts/PreBD.cs using Guid(166790d4810b86140bbc87dd61b12f20) Importer(815301076,1909f56bfc062723c751e8b465ee728b)  -> (artifact id: '5644b5208afdabcfeb417aa49cddf4c5') in 0.042387 seconds
  Import took 0.047523 seconds .

========================================================================
Received Prepare
Registering precompiled user dll's ...
Registered in 0.001321 seconds.
Begin MonoManager ReloadAssembly
Native extension for WindowsStandalone target not found
Refreshing native plugins compatible for Editor in 0.46 ms, found 1 plugins.
Preloading 0 native plugins for Editor in 0.00 ms.
Mono: successfully reloaded assembly
- Completed reload, in  1.381 seconds
Platform modules already initialized, skipping
Refreshing native plugins compatible for Editor in 0.73 ms, found 1 plugins.
Preloading 0 native plugins for Editor in 0.00 ms.
Unloading 1806 Unused Serialized files (Serialized files now loaded: 0)
System memory in use before: 85.1 MB.
System memory in use after: 85.1 MB.

Unloading 12 unused Assets to reduce memory usage. Loaded Objects now: 2309.
Total: 2.355400 ms (FindLiveObjects: 0.202500 ms CreateObjectMapping: 0.080200 ms MarkObjects: 1.923600 ms  DeleteObjects: 0.147100 ms)

========================================================================
Received Import Request.
  Time since last request: 353.964285 seconds.
  path: Assets/Scripts/PreBD.cs
  artifactKey: Guid(166790d4810b86140bbc87dd61b12f20) Importer(815301076,1909f56bfc062723c751e8b465ee728b)
Start importing Assets/Scripts/PreBD.cs using Guid(166790d4810b86140bbc87dd61b12f20) Importer(815301076,1909f56bfc062723c751e8b465ee728b)  -> (artifact id: 'd344c33db8c6a2337302ae5025a9ede7') in 0.020154 seconds
  Import took 0.027523 seconds .

========================================================================
Received Prepare
Registering precompiled user dll's ...
Registered in 0.001331 seconds.
Begin MonoManager ReloadAssembly
Native extension for WindowsStandalone target not found
Refreshing native plugins compatible for Editor in 0.56 ms, found 1 plugins.
Preloading 0 native plugins for Editor in 0.00 ms.
Mono: successfully reloaded assembly
- Completed reload, in  1.212 seconds
Platform modules already initialized, skipping
Refreshing native plugins compatible for Editor in 0.70 ms, found 1 plugins.
Preloading 0 native plugins for Editor in 0.00 ms.
Unloading 1806 Unused Serialized files (Serialized files now loaded: 0)
System memory in use before: 85.1 MB.
System memory in use after: 85.1 MB.

Unloading 12 unused Assets to reduce memory usage. Loaded Objects now: 2313.
Total: 2.366400 ms (FindLiveObjects: 0.203800 ms CreateObjectMapping: 0.081200 ms MarkObjects: 1.935200 ms  DeleteObjects: 0.144200 ms)

========================================================================
Received Import Request.
  Time since last request: 1243.851953 seconds.
  path: Assets/BD/Preguntas/Pre1.prefab
  artifactKey: Guid(9efe749e00719534eb4db4203dd52d11) Importer(815301076,1909f56bfc062723c751e8b465ee728b)
Start importing Assets/BD/Preguntas/Pre1.prefab using Guid(9efe749e00719534eb4db4203dd52d11) Importer(815301076,1909f56bfc062723c751e8b465ee728b)  -> (artifact id: 'a6c9c7d08ef24b08973f9374eb00513c') in 0.056198 seconds
  Import took 0.079384 seconds .

========================================================================
Received Import Request.
  Time since last request: 7.459558 seconds.
  path: Assets/BD/Preguntas/Pre2.prefab
  artifactKey: Guid(a499a300408f55744aaa9f5767f775ea) Importer(815301076,1909f56bfc062723c751e8b465ee728b)
Start importing Assets/BD/Preguntas/Pre2.prefab using Guid(a499a300408f55744aaa9f5767f775ea) Importer(815301076,1909f56bfc062723c751e8b465ee728b)  -> (artifact id: '834291ea2f638d342ad7947397be7e25') in 0.019676 seconds
  Import took 0.026119 seconds .

========================================================================
Received Import Request.
  Time since last request: 7.573261 seconds.
  path: Assets/BD/Preguntas/Pre2.prefab
  artifactKey: Guid(a499a300408f55744aaa9f5767f775ea) Importer(815301076,1909f56bfc062723c751e8b465ee728b)
Start importing Assets/BD/Preguntas/Pre2.prefab using Guid(a499a300408f55744aaa9f5767f775ea) Importer(815301076,1909f56bfc062723c751e8b465ee728b)  -> (artifact id: '819d6d47965a70046e6fd67aa84a623c') in 0.017973 seconds
  Import took 0.022991 seconds .

========================================================================
Received Import Request.
  Time since last request: 1.184017 seconds.
  path: Assets/BD/Preguntas/Pre2.prefab
  artifactKey: Guid(a499a300408f55744aaa9f5767f775ea) Importer(815301076,1909f56bfc062723c751e8b465ee728b)
Start importing Assets/BD/Preguntas/Pre2.prefab using Guid(a499a300408f55744aaa9f5767f775ea) Importer(815301076,1909f56bfc062723c751e8b465ee728b)  -> (artifact id: '108f295282f4bfca97fb536ea929095d') in 0.016683 seconds
  Import took 0.022395 seconds .

========================================================================
Received Import Request.
  Time since last request: 4.241724 seconds.
  path: Assets/BD/Preguntas/Pre3.prefab
  artifactKey: Guid(8f31714b53864534aa81812916ca6398) Importer(815301076,1909f56bfc062723c751e8b465ee728b)
Start importing Assets/BD/Preguntas/Pre3.prefab using Guid(8f31714b53864534aa81812916ca6398) Importer(815301076,1909f56bfc062723c751e8b465ee728b)  -> (artifact id: '69001b96170be0dedd2055e9748ec68b') in 0.020177 seconds
  Import took 0.026444 seconds .

========================================================================
Received Import Request.
  Time since last request: 23.572601 seconds.
  path: Assets/BD/Preguntas/Pre3.prefab
  artifactKey: Guid(8f31714b53864534aa81812916ca6398) Importer(815301076,1909f56bfc062723c751e8b465ee728b)
Start importing Assets/BD/Preguntas/Pre3.prefab using Guid(8f31714b53864534aa81812916ca6398) Importer(815301076,1909f56bfc062723c751e8b465ee728b)  -> (artifact id: '944e54dac659ac30c81d6a3542a1f5d3') in 0.021929 seconds
  Import took 0.040793 seconds .

========================================================================
Received Import Request.
  Time since last request: 1.193773 seconds.
  path: Assets/BD/Preguntas/Pre3.prefab
  artifactKey: Guid(8f31714b53864534aa81812916ca6398) Importer(815301076,1909f56bfc062723c751e8b465ee728b)
Start importing Assets/BD/Preguntas/Pre3.prefab using Guid(8f31714b53864534aa81812916ca6398) Importer(815301076,1909f56bfc062723c751e8b465ee728b)  -> (artifact id: '02a0c4ef887c1ac92d3bf096f9bd797a') in 0.017040 seconds
  Import took 0.022804 seconds .

========================================================================
Received Import Request.
  Time since last request: 7.506072 seconds.
  path: Assets/BD/Preguntas/Pre4.prefab
  artifactKey: Guid(96bc54678f49d6847a4c4140054ea82d) Importer(815301076,1909f56bfc062723c751e8b465ee728b)
Start importing Assets/BD/Preguntas/Pre4.prefab using Guid(96bc54678f49d6847a4c4140054ea82d) Importer(815301076,1909f56bfc062723c751e8b465ee728b)  -> (artifact id: '81ed2df4e259f61793aaba7985b7f2e3') in 0.020078 seconds
  Import took 0.025707 seconds .

========================================================================
Received Import Request.
  Time since last request: 9.202409 seconds.
  path: Assets/BD/Preguntas/Pre4.prefab
  artifactKey: Guid(96bc54678f49d6847a4c4140054ea82d) Importer(815301076,1909f56bfc062723c751e8b465ee728b)
Start importing Assets/BD/Preguntas/Pre4.prefab using Guid(96bc54678f49d6847a4c4140054ea82d) Importer(815301076,1909f56bfc062723c751e8b465ee728b)  -> (artifact id: '9655c7bd864305cc613e1abc879acd4f') in 0.016484 seconds
  Import took 0.026638 seconds .

========================================================================
Received Import Request.
  Time since last request: 1.005684 seconds.
  path: Assets/BD/Preguntas/Pre4.prefab
  artifactKey: Guid(96bc54678f49d6847a4c4140054ea82d) Importer(815301076,1909f56bfc062723c751e8b465ee728b)
Start importing Assets/BD/Preguntas/Pre4.prefab using Guid(96bc54678f49d6847a4c4140054ea82d) Importer(815301076,1909f56bfc062723c751e8b465ee728b)  -> (artifact id: '24ef1f524e9c2302ade7b5d8b1f3c699') in 0.026201 seconds
  Import took 0.061959 seconds .

========================================================================
Received Import Request.
  Time since last request: 0.000939 seconds.
  path: Assets/BD/Preguntas/Pre4.prefab
  artifactKey: Guid(96bc54678f49d6847a4c4140054ea82d) Importer(815301076,1909f56bfc062723c751e8b465ee728b)
Start importing Assets/BD/Preguntas/Pre4.prefab using Guid(96bc54678f49d6847a4c4140054ea82d) Importer(815301076,1909f56bfc062723c751e8b465ee728b)  -> (artifact id: '24ef1f524e9c2302ade7b5d8b1f3c699') in 0.032733 seconds
  Import took 0.039838 seconds .

========================================================================
Received Import Request.
  Time since last request: 681.683983 seconds.
  path: Assets/Scripts/OptBoton.cs
  artifactKey: Guid(162e6053e19bc6748bcaa38cbeb35e1b) Importer(815301076,1909f56bfc062723c751e8b465ee728b)
Start importing Assets/Scripts/OptBoton.cs using Guid(162e6053e19bc6748bcaa38cbeb35e1b) Importer(815301076,1909f56bfc062723c751e8b465ee728b)  -> (artifact id: '6dbde8e3be2078c4494c5f9a520ab2d2') in 0.039062 seconds
  Import took 0.050540 seconds .

========================================================================
Received Prepare
Registering precompiled user dll's ...
Registered in 0.001287 seconds.
Begin MonoManager ReloadAssembly
Native extension for WindowsStandalone target not found
Refreshing native plugins compatible for Editor in 0.51 ms, found 1 plugins.
Preloading 0 native plugins for Editor in 0.00 ms.
Mono: successfully reloaded assembly
- Completed reload, in  1.405 seconds
Platform modules already initialized, skipping
Refreshing native plugins compatible for Editor in 0.88 ms, found 1 plugins.
Preloading 0 native plugins for Editor in 0.00 ms.
Unloading 1807 Unused Serialized files (Serialized files now loaded: 0)
System memory in use before: 85.1 MB.
System memory in use after: 85.1 MB.

Unloading 12 unused Assets to reduce memory usage. Loaded Objects now: 2318.
Total: 2.721300 ms (FindLiveObjects: 0.210000 ms CreateObjectMapping: 0.081600 ms MarkObjects: 2.270700 ms  DeleteObjects: 0.156700 ms)

========================================================================
Received Import Request.
  Time since last request: 1504.543583 seconds.
  path: Assets/Scripts/OptBoton.cs
  artifactKey: Guid(162e6053e19bc6748bcaa38cbeb35e1b) Importer(815301076,1909f56bfc062723c751e8b465ee728b)
Start importing Assets/Scripts/OptBoton.cs using Guid(162e6053e19bc6748bcaa38cbeb35e1b) Importer(815301076,1909f56bfc062723c751e8b465ee728b)  -> (artifact id: '478c317e1ea7e7f13186943d95fe2e8b') in 0.063913 seconds
  Import took 0.113972 seconds .

========================================================================
Received Import Request.
  Time since last request: 0.039218 seconds.
  path: Assets/Scripts/OptBoton.cs
  artifactKey: Guid(162e6053e19bc6748bcaa38cbeb35e1b) Importer(815301076,1909f56bfc062723c751e8b465ee728b)
Start importing Assets/Scripts/OptBoton.cs using Guid(162e6053e19bc6748bcaa38cbeb35e1b) Importer(815301076,1909f56bfc062723c751e8b465ee728b)  -> (artifact id: '478c317e1ea7e7f13186943d95fe2e8b') in 0.010934 seconds
  Import took 0.024157 seconds .

========================================================================
Received Import Request.
  Time since last request: 2375.969565 seconds.
  path: Assets/Scripts/OptBoton.cs
  artifactKey: Guid(162e6053e19bc6748bcaa38cbeb35e1b) Importer(815301076,1909f56bfc062723c751e8b465ee728b)
Start importing Assets/Scripts/OptBoton.cs using Guid(162e6053e19bc6748bcaa38cbeb35e1b) Importer(815301076,1909f56bfc062723c751e8b465ee728b)  -> (artifact id: '759527513b7d2ce08940613cb8395562') in 0.018066 seconds
  Import took 0.031776 seconds .

========================================================================
Received Import Request.
  Time since last request: 152.593893 seconds.
  path: Assets/Scripts/OptBoton.cs
  artifactKey: Guid(162e6053e19bc6748bcaa38cbeb35e1b) Importer(815301076,1909f56bfc062723c751e8b465ee728b)
Start importing Assets/Scripts/OptBoton.cs using Guid(162e6053e19bc6748bcaa38cbeb35e1b) Importer(815301076,1909f56bfc062723c751e8b465ee728b)  -> (artifact id: '5911010fac102bce85f955719b6a7493') in 0.017439 seconds
  Import took 0.024099 seconds .

========================================================================
Received Prepare
Registering precompiled user dll's ...
Registered in 0.001916 seconds.
Begin MonoManager ReloadAssembly
Native extension for WindowsStandalone target not found
Refreshing native plugins compatible for Editor in 0.48 ms, found 1 plugins.
Preloading 0 native plugins for Editor in 0.00 ms.
Mono: successfully reloaded assembly
- Completed reload, in  1.315 seconds
Platform modules already initialized, skipping
Refreshing native plugins compatible for Editor in 0.69 ms, found 1 plugins.
Preloading 0 native plugins for Editor in 0.00 ms.
Unloading 1807 Unused Serialized files (Serialized files now loaded: 0)
System memory in use before: 85.1 MB.
System memory in use after: 85.1 MB.

Unloading 12 unused Assets to reduce memory usage. Loaded Objects now: 2322.
Total: 2.481000 ms (FindLiveObjects: 0.207500 ms CreateObjectMapping: 0.081000 ms MarkObjects: 2.045100 ms  DeleteObjects: 0.145700 ms)

========================================================================
Received Import Request.
  Time since last request: 1619.264446 seconds.
  path: Assets/PreFab
  artifactKey: Guid(11a84a0665154634c863f3ce28d898d7) Importer(815301076,1909f56bfc062723c751e8b465ee728b)
Start importing Assets/PreFab using Guid(11a84a0665154634c863f3ce28d898d7) Importer(815301076,1909f56bfc062723c751e8b465ee728b)  -> (artifact id: 'f4ad539f6e248f7300796751205c2820') in 0.032420 seconds
  Import took 0.057196 seconds .

========================================================================
Received Import Request.
  Time since last request: 7.906374 seconds.
  path: Assets/PreFab/Preguntas.prefab
  artifactKey: Guid(a291c1f267a2be547b6c6dde319d9c17) Importer(815301076,1909f56bfc062723c751e8b465ee728b)
Start importing Assets/PreFab/Preguntas.prefab using Guid(a291c1f267a2be547b6c6dde319d9c17) Importer(815301076,1909f56bfc062723c751e8b465ee728b)  -> (artifact id: '2d6fe43cadf70ae49a3527b0a036a2df') in 0.076816 seconds
  Import took 0.082553 seconds .

========================================================================
Received Import Request.
  Time since last request: 0.001338 seconds.
  path: Assets/PreFab/Preguntas.prefab
  artifactKey: Guid(a291c1f267a2be547b6c6dde319d9c17) Importer(815301076,1909f56bfc062723c751e8b465ee728b)
Start importing Assets/PreFab/Preguntas.prefab using Guid(a291c1f267a2be547b6c6dde319d9c17) Importer(815301076,1909f56bfc062723c751e8b465ee728b)  -> (artifact id: '2d6fe43cadf70ae49a3527b0a036a2df') in 0.016889 seconds
  Import took 0.022504 seconds .

AssetImportWorkerClient::OnTransportError - code=2 error=End of file
